<?xml version="1.0" encoding="UTF-8"?>
<testng-results skipped="0" failed="0" total="4" passed="4">
  <reporter-output>
  </reporter-output>
  <suite name="Command line suite" duration-ms="20250" started-at="2014-06-19T03:16:26Z" finished-at="2014-06-19T03:16:46Z">
    <groups>
    </groups>
    <test name="Command line test" duration-ms="20250" started-at="2014-06-19T03:16:26Z" finished-at="2014-06-19T03:16:46Z">
      <class name="TestTutor">
        <test-method status="PASS" signature="setUp()[pri:0, instance:TestTutor@c71191]" name="setUp" is-config="true" duration-ms="8750" started-at="2014-06-18T23:16:26Z" finished-at="2014-06-18T23:16:35Z">
          <reporter-output>
          </reporter-output>
        </test-method> <!-- setUp -->
        <test-method status="PASS" signature="clickAwards()[pri:0, instance:TestTutor@c71191]" name="clickAwards" duration-ms="2343" started-at="2014-06-18T23:16:35Z" finished-at="2014-06-18T23:16:37Z">
          <reporter-output>
          </reporter-output>
        </test-method> <!-- clickAwards -->
        <test-method status="PASS" signature="closeBrowserWindow()[pri:0, instance:TestTutor@c71191]" name="closeBrowserWindow" is-config="true" duration-ms="0" started-at="2014-06-18T23:16:37Z" finished-at="2014-06-18T23:16:37Z">
          <reporter-output>
          </reporter-output>
        </test-method> <!-- closeBrowserWindow -->
        <test-method status="PASS" signature="testBadLogin()[pri:0, instance:TestTutor@c71191]" name="testBadLogin" duration-ms="4657" started-at="2014-06-18T23:16:37Z" finished-at="2014-06-18T23:16:42Z">
          <reporter-output>
          </reporter-output>
        </test-method> <!-- testBadLogin -->
        <test-method status="PASS" signature="testEmptyFields()[pri:0, instance:TestTutor@c71191]" name="testEmptyFields" duration-ms="1140" started-at="2014-06-18T23:16:42Z" finished-at="2014-06-18T23:16:43Z">
          <reporter-output>
          </reporter-output>
        </test-method> <!-- testEmptyFields -->
        <test-method status="PASS" signature="closeBrowserWindow()[pri:0, instance:TestTutor@c71191]" name="closeBrowserWindow" is-config="true" duration-ms="0" started-at="2014-06-18T23:16:42Z" finished-at="2014-06-18T23:16:42Z">
          <reporter-output>
          </reporter-output>
        </test-method> <!-- closeBrowserWindow -->
        <test-method status="PASS" signature="closeBrowserWindow()[pri:0, instance:TestTutor@c71191]" name="closeBrowserWindow" is-config="true" duration-ms="0" started-at="2014-06-18T23:16:43Z" finished-at="2014-06-18T23:16:43Z">
          <reporter-output>
          </reporter-output>
        </test-method> <!-- closeBrowserWindow -->
        <test-method status="PASS" signature="testSuccessfulLogin()[pri:0, instance:TestTutor@c71191]" name="testSuccessfulLogin" duration-ms="3297" started-at="2014-06-18T23:16:43Z" finished-at="2014-06-18T23:16:46Z">
          <reporter-output>
          </reporter-output>
        </test-method> <!-- testSuccessfulLogin -->
        <test-method status="PASS" signature="closeBrowserWindow()[pri:0, instance:TestTutor@c71191]" name="closeBrowserWindow" is-config="true" duration-ms="15" started-at="2014-06-18T23:16:46Z" finished-at="2014-06-18T23:16:46Z">
          <reporter-output>
          </reporter-output>
        </test-method> <!-- closeBrowserWindow -->
        <test-method status="PASS" signature="tearDown()[pri:0, instance:TestTutor@c71191]" name="tearDown" is-config="true" duration-ms="0" started-at="2014-06-18T23:16:46Z" finished-at="2014-06-18T23:16:46Z">
          <reporter-output>
          </reporter-output>
        </test-method> <!-- tearDown -->
      </class> <!-- TestTutor -->
    </test> <!-- Command line test -->
  </suite> <!-- Command line suite -->
</testng-results>
