<?xml version="1.0" encoding="UTF-8"?>
<testng-results skipped="0" failed="1" total="1" passed="0">
  <reporter-output>
  </reporter-output>
  <suite name="Suite1" duration-ms="16880" started-at="2014-08-24T20:31:17Z" finished-at="2014-08-24T20:31:34Z">
    <groups>
    </groups>
    <test name="test1" duration-ms="16880" started-at="2014-08-24T20:31:17Z" finished-at="2014-08-24T20:31:34Z">
      <class name="GrubHubTests">
        <test-method status="PASS" signature="setUp()[pri:0, instance:GrubHubTests@65a245b0]" name="setUp" is-config="true" duration-ms="8430" started-at="2014-08-24T16:31:17Z" finished-at="2014-08-24T16:31:25Z">
          <reporter-output>
          </reporter-output>
        </test-method> <!-- setUp -->
        <test-method status="FAIL" signature="place_order()[pri:0, instance:GrubHubTests@65a245b0]" name="place_order" duration-ms="8439" started-at="2014-08-24T16:31:25Z" finished-at="2014-08-24T16:31:34Z">
          <exception class="java.lang.NoSuchMethodError">
            <message>
              <![CDATA[org.openqa.selenium.support.ui.ExpectedConditions.elementToBeClickable(Lorg/openqa/selenium/WebElement;)Lorg/openqa/selenium/support/ui/ExpectedCondition;]]>
            </message>
            <full-stacktrace>
              <![CDATA[java.lang.NoSuchMethodError: org.openqa.selenium.support.ui.ExpectedConditions.elementToBeClickable(Lorg/openqa/selenium/WebElement;)Lorg/openqa/selenium/support/ui/ExpectedCondition;
	at GrubHubTests.place_order(GrubHubTests.java:120)
	at sun.reflect.NativeMethodAccessorImpl.invoke0(Native Method)
	at sun.reflect.NativeMethodAccessorImpl.invoke(NativeMethodAccessorImpl.java:57)
	at sun.reflect.DelegatingMethodAccessorImpl.invoke(DelegatingMethodAccessorImpl.java:43)
	at java.lang.reflect.Method.invoke(Method.java:606)
	at org.testng.internal.MethodInvocationHelper.invokeMethod(MethodInvocationHelper.java:84)
	at org.testng.internal.Invoker.invokeMethod(Invoker.java:714)
	at org.testng.internal.Invoker.invokeTestMethod(Invoker.java:901)
	at org.testng.internal.Invoker.invokeTestMethods(Invoker.java:1231)
	at org.testng.internal.TestMethodWorker.invokeTestMethods(TestMethodWorker.java:127)
	at org.testng.internal.TestMethodWorker.run(TestMethodWorker.java:111)
	at org.testng.TestRunner.privateRun(TestRunner.java:767)
	at org.testng.TestRunner.run(TestRunner.java:617)
	at org.testng.SuiteRunner.runTest(SuiteRunner.java:335)
	at org.testng.SuiteRunner.runSequentially(SuiteRunner.java:330)
	at org.testng.SuiteRunner.privateRun(SuiteRunner.java:291)
	at org.testng.SuiteRunner.run(SuiteRunner.java:240)
	at org.testng.SuiteRunnerWorker.runSuite(SuiteRunnerWorker.java:52)
	at org.testng.SuiteRunnerWorker.run(SuiteRunnerWorker.java:86)
	at org.testng.TestNG.runSuitesSequentially(TestNG.java:1224)
	at org.testng.TestNG.runSuitesLocally(TestNG.java:1149)
	at org.testng.TestNG.run(TestNG.java:1057)
	at org.testng.TestNG.privateMain(TestNG.java:1364)
	at org.testng.TestNG.main(TestNG.java:1333)
]]>
            </full-stacktrace>
          </exception> <!-- java.lang.NoSuchMethodError -->
          <reporter-output>
          </reporter-output>
        </test-method> <!-- place_order -->
        <test-method status="PASS" signature="tearDown()[pri:0, instance:GrubHubTests@65a245b0]" name="tearDown" is-config="true" duration-ms="1" started-at="2014-08-24T16:31:34Z" finished-at="2014-08-24T16:31:34Z">
          <reporter-output>
          </reporter-output>
        </test-method> <!-- tearDown -->
      </class> <!-- GrubHubTests -->
    </test> <!-- test1 -->
  </suite> <!-- Suite1 -->
</testng-results>
