<?xml version="1.0" encoding="UTF-8"?>
<!-- Generated by org.testng.reporters.JUnitXMLReporter -->
<testsuite hostname="shris-mbp.home" tests="1" failures="1" timestamp="24 Aug 2014 20:31:34 GMT" time="16.88" errors="0">
  <testcase name="place_order" time="8.439" classname="GrubHubTests">
    <failure type="java.lang.NoSuchMethodError" message="org.openqa.selenium.support.ui.ExpectedConditions.elementToBeClickable(Lorg/openqa/selenium/WebElement;)Lorg/openqa/selenium/support/ui/ExpectedCondition;">
      <![CDATA[java.lang.NoSuchMethodError: org.openqa.selenium.support.ui.ExpectedConditions.elementToBeClickable(Lorg/openqa/selenium/WebElement;)Lorg/openqa/selenium/support/ui/ExpectedCondition;
	at GrubHubTests.place_order(GrubHubTests.java:120)
... Removed 23 stack frames]]>
    </failure>
  </testcase> <!-- place_order -->
</testsuite>
